Running file test/mjsunit/math-floor-negative.js...
Generating compiled file with modified testcases...
Running the test...
mjsunit/math-floor-negative-typerhappy
Build found: /home/patil215/proj/v8/out/x64.debug
>>> Autodetected:
embedded_builtins
>>> Running tests for x64.debug
>>> Running with test processors
=== mjsunit/math-floor-negative-typerhappy ===                    
/home/patil215/proj/v8/test/mjsunit/mjsunit.js:329: Failure: expected <-10000000000.1> found <undefined>

Stack: MjsUnitAssertionError
    at assertEqualsF /home/patil215/proj/v8/test/mjsunit/mjsunit.js 445:5
    at               /home/patil215/proj/v8/test/mjsunit/math-floor-negative-typerhappy.js 56:1
    throw new MjsUnitAssertionError(message);
    ^
MjsUnitAssertionError
    at assertEqualsF /home/patil215/proj/v8/test/mjsunit/mjsunit.js 445:5
    at               /home/patil215/proj/v8/test/mjsunit/math-floor-negative-typerhappy.js 56:1
Command: /home/patil215/proj/v8/out/x64.debug/d8 --test /home/patil215/proj/v8/test/mjsunit/mjsunit.js /home/patil215/proj/v8/test/mjsunit/math-floor-negative-typerhappy.js --random-seed=-1705680517 --nohard-abort --enable-slow-asserts --verify-heap --noenable-sse4-1 --allow-natives-syntax
[00:01|%   0|+   0|-   1]: Done                                  
>>> 1 tests ran






Running file test/mjsunit/compiler/math-floor-global.js...
Generating compiled file with modified testcases...
Running the test...
mjsunit/compiler/math-floor-global-typerhappy
Build found: /home/patil215/proj/v8/out/x64.debug
>>> Autodetected:
embedded_builtins
>>> Running tests for x64.debug
>>> Running with test processors
=== mjsunit/compiler/math-floor-global-typerhappy ===                    
undefined:3: ReferenceError: flo is not defined
"0";return flo(n)
    ^
ReferenceError: flo is not defined
    at eval (eval at testFloor$824 (/home/patil215/proj/v8/test/mjsunit/compiler/math-floor-global-typerhappy.js:34:16), <anonymous>:3:5)
    at /home/patil215/proj/v8/test/mjsunit/compiler/math-floor-global-typerhappy.js:35:39
    at typerPrep (/home/patil215/proj/v8/test/mjsunit/mjsunit.js:436:5)
    at assertEqualsF (/home/patil215/proj/v8/test/mjsunit/mjsunit.js:444:5)
    at testFloor$824 (/home/patil215/proj/v8/test/mjsunit/compiler/math-floor-global-typerhappy.js:35:1)
    at test$826 (/home/patil215/proj/v8/test/mjsunit/compiler/math-floor-global-typerhappy.js:53:1)
    at /home/patil215/proj/v8/test/mjsunit/compiler/math-floor-global-typerhappy.js:137:1
Command: /home/patil215/proj/v8/out/x64.debug/d8 --test /home/patil215/proj/v8/test/mjsunit/mjsunit.js /home/patil215/proj/v8/test/mjsunit/compiler/math-floor-global-typerhappy.js --random-seed=-377145422 --nohard-abort --enable-slow-asserts --verify-heap --max-semi-space-size=1 --allow-natives-syntax
[00:01|%   0|+   0|-   1]: Done                                         
>>> 1 tests ran


Running file test/mjsunit/compiler/number-floor.js...
Generating compiled file with modified testcases...
Running the test...
mjsunit/compiler/number-floor-typerhappy
Build found: /home/patil215/proj/v8/out/x64.debug
>>> Autodetected:
embedded_builtins
>>> Running tests for x64.debug
>>> Running with test processors
=== mjsunit/compiler/number-floor-typerhappy ===                    
/home/patil215/proj/v8/test/mjsunit/mjsunit.js:329: Failure (should be optimized: undefined): expected <true> found <false>

Stack: MjsUnitAssertionError
    at assertOptimized /home/patil215/proj/v8/test/mjsunit/mjsunit.js 767:5
    at                 /home/patil215/proj/v8/test/mjsunit/compiler/number-floor-typerhappy.js 27:1
    at                 /home/patil215/proj/v8/test/mjsunit/compiler/number-floor-typerhappy.js 28:2
    throw new MjsUnitAssertionError(message);
    ^
MjsUnitAssertionError
    at assertOptimized /home/patil215/proj/v8/test/mjsunit/mjsunit.js 767:5
    at                 /home/patil215/proj/v8/test/mjsunit/compiler/number-floor-typerhappy.js 27:1
    at                 /home/patil215/proj/v8/test/mjsunit/compiler/number-floor-typerhappy.js 28:2
Command: /home/patil215/proj/v8/out/x64.debug/d8 --test /home/patil215/proj/v8/test/mjsunit/mjsunit.js /home/patil215/proj/v8/test/mjsunit/compiler/number-floor-typerhappy.js --random-seed=1839294894 --nohard-abort --enable-slow-asserts --verify-heap --allow-natives-syntax --opt
[00:01|%   0|+   0|-   1]: Done                                    




Running file test/mjsunit/compiler/number-ceil.js...
Generating compiled file with modified testcases...
Running the test...
mjsunit/compiler/number-ceil-typerhappy
Build found: /home/patil215/proj/v8/out/x64.debug
>>> Autodetected:
embedded_builtins
>>> Running tests for x64.debug
>>> Running with test processors
=== mjsunit/compiler/number-ceil-typerhappy ===                    
/home/patil215/proj/v8/test/mjsunit/mjsunit.js:329: Failure (should be optimized: undefined): expected <true> found <false>

Stack: MjsUnitAssertionError
    at assertOptimized /home/patil215/proj/v8/test/mjsunit/mjsunit.js 767:5
    at                 /home/patil215/proj/v8/test/mjsunit/compiler/number-ceil-typerhappy.js 27:1
    at                 /home/patil215/proj/v8/test/mjsunit/compiler/number-ceil-typerhappy.js 28:2
    throw new MjsUnitAssertionError(message);
    ^
MjsUnitAssertionError
    at assertOptimized /home/patil215/proj/v8/test/mjsunit/mjsunit.js 767:5
    at                 /home/patil215/proj/v8/test/mjsunit/compiler/number-ceil-typerhappy.js 27:1
    at                 /home/patil215/proj/v8/test/mjsunit/compiler/number-ceil-typerhappy.js 28:2
Command: /home/patil215/proj/v8/out/x64.debug/d8 --test /home/patil215/proj/v8/test/mjsunit/mjsunit.js /home/patil215/proj/v8/test/mjsunit/compiler/number-ceil-typerhappy.js --random-seed=-1537192213 --nohard-abort --enable-slow-asserts --verify-heap --allow-natives-syntax --opt
[00:01|%   0|+   0|-   1]: Done                                   
>>> 1 tests ran



Running file test/mjsunit/compiler/number-round.js...
Generating compiled file with modified testcases...
Running the test...
mjsunit/compiler/number-round-typerhappy
Build found: /home/patil215/proj/v8/out/x64.debug
>>> Autodetected:
embedded_builtins
>>> Running tests for x64.debug
>>> Running with test processors
=== mjsunit/compiler/number-round-typerhappy ===                    
/home/patil215/proj/v8/test/mjsunit/mjsunit.js:329: Failure (should be optimized: undefined): expected <true> found <false>

Stack: MjsUnitAssertionError
    at assertOptimized /home/patil215/proj/v8/test/mjsunit/mjsunit.js 767:5
    at                 /home/patil215/proj/v8/test/mjsunit/compiler/number-round-typerhappy.js 27:1
    at                 /home/patil215/proj/v8/test/mjsunit/compiler/number-round-typerhappy.js 28:2
    throw new MjsUnitAssertionError(message);
    ^
MjsUnitAssertionError
    at assertOptimized /home/patil215/proj/v8/test/mjsunit/mjsunit.js 767:5
    at                 /home/patil215/proj/v8/test/mjsunit/compiler/number-round-typerhappy.js 27:1
    at                 /home/patil215/proj/v8/test/mjsunit/compiler/number-round-typerhappy.js 28:2
Command: /home/patil215/proj/v8/out/x64.debug/d8 --test /home/patil215/proj/v8/test/mjsunit/mjsunit.js /home/patil215/proj/v8/test/mjsunit/compiler/number-round-typerhappy.js --random-seed=-859904601 --nohard-abort --enable-slow-asserts --verify-heap --allow-natives-syntax --opt
[00:01|%   0|+   0|-   1]: Done                                    
>>> 1 tests ran



Running file test/mjsunit/compiler/number-trunc.js...
Generating compiled file with modified testcases...
Running the test...
mjsunit/compiler/number-trunc-typerhappy
Build found: /home/patil215/proj/v8/out/x64.debug
>>> Autodetected:
embedded_builtins
>>> Running tests for x64.debug
>>> Running with test processors
=== mjsunit/compiler/number-trunc-typerhappy ===                    
/home/patil215/proj/v8/test/mjsunit/mjsunit.js:329: Failure (should be optimized: undefined): expected <true> found <false>

Stack: MjsUnitAssertionError
    at assertOptimized /home/patil215/proj/v8/test/mjsunit/mjsunit.js 767:5
    at                 /home/patil215/proj/v8/test/mjsunit/compiler/number-trunc-typerhappy.js 27:1
    at                 /home/patil215/proj/v8/test/mjsunit/compiler/number-trunc-typerhappy.js 28:2
    throw new MjsUnitAssertionError(message);
    ^
MjsUnitAssertionError
    at assertOptimized /home/patil215/proj/v8/test/mjsunit/mjsunit.js 767:5
    at                 /home/patil215/proj/v8/test/mjsunit/compiler/number-trunc-typerhappy.js 27:1
    at                 /home/patil215/proj/v8/test/mjsunit/compiler/number-trunc-typerhappy.js 28:2
Command: /home/patil215/proj/v8/out/x64.debug/d8 --test /home/patil215/proj/v8/test/mjsunit/mjsunit.js /home/patil215/proj/v8/test/mjsunit/compiler/number-trunc-typerhappy.js --random-seed=1892688960 --nohard-abort --enable-slow-asserts --verify-heap --allow-natives-syntax --opt
[00:01|%   0|+   0|-   1]: Done                                    
>>> 1 tests ran



Running file test/mjsunit/compiler/truncating-store-deopt.js...
Generating compiled file with modified testcases...
/usr/local/lib/node_modules/sweet.js/lib/sweet.js:90
                    throw new SyntaxError(syn.printSyntaxError(source$2, err));
                    ^

SyntaxError: [macro] Macro `DeoptimizeFunction` could not be matched with `() ; return 1 ;...`
93: var o = { toString : function() { %DeoptimizeFunction(asm.store); return "1"; } }
                                       ^
    at expand$2 (/usr/local/lib/node_modules/sweet.js/lib/sweet.js:90:27)
    at parse (/usr/local/lib/node_modules/sweet.js/lib/sweet.js:123:29)
    at Object.compile (/usr/local/lib/node_modules/sweet.js/lib/sweet.js:129:19)
    at doCompile (/usr/local/lib/node_modules/sweet.js/lib/sjs.js:63:45)
    at Object.exports.run (/usr/local/lib/node_modules/sweet.js/lib/sjs.js:85:9)
    at Object.<anonymous> (/usr/local/lib/node_modules/sweet.js/bin/sjs:7:23)
    at Module._compile (module.js:652:30)
    at Object.Module._extensions..js (module.js:663:10)
    at Module.load (module.js:565:32)
    at tryModuleLoad (module.js:505:12)
Traceback (most recent call last):
  File "testmodder/generate.py", line 113, in <module>
    transform()
  File "/usr/lib/python2.7/dist-packages/click/core.py", line 722, in __call__
    return self.main(*args, **kwargs)
  File "/usr/lib/python2.7/dist-packages/click/core.py", line 697, in main
    rv = self.invoke(ctx)
  File "/usr/lib/python2.7/dist-packages/click/core.py", line 895, in invoke
    return ctx.invoke(self.callback, **ctx.params)
  File "/usr/lib/python2.7/dist-packages/click/core.py", line 535, in invoke
    return callback(*args, **kwargs)
  File "testmodder/generate.py", line 98, in transform
    lines = lines_to_save + file_to_lines(filename + '.compiled')
  File "testmodder/generate.py", line 16, in file_to_lines
    return open(filename).read().splitlines()
IOError: [Errno 2] No such file or directory: u'test/mjsunit/compiler/truncating-store-deopt.js.compiled'
Running the test...
mjsunit/compiler/truncating-store-deopt-typerhappy
Build found: /home/patil215/proj/v8/out/x64.debug
>>> Autodetected:
embedded_builtins
>>> Running tests for x64.debug
>>> Running with test processors
[00:01|%   0|+   0|-   0]: Done
>>> 0 tests ran



Running file test/mjsunit/math-abs.js...
Generating compiled file with modified testcases...
/usr/local/lib/node_modules/sweet.js/lib/parser.js:4894
            throw e;
            ^

Error: Line 155: Unexpected identifier
[... foo ) 1337 assertEqualsF ( ( ...]
    at throwError (/usr/local/lib/node_modules/sweet.js/lib/parser.js:1937:21)
    at throwUnexpected (/usr/local/lib/node_modules/sweet.js/lib/parser.js:1972:13)
    at consumeSemicolon (/usr/local/lib/node_modules/sweet.js/lib/parser.js:2033:13)
    at parseStatement (/usr/local/lib/node_modules/sweet.js/lib/parser.js:3442:9)
    at parseSourceElement (/usr/local/lib/node_modules/sweet.js/lib/parser.js:3845:20)
    at parseProgramElement (/usr/local/lib/node_modules/sweet.js/lib/parser.js:3860:16)
    at parseProgramElements (/usr/local/lib/node_modules/sweet.js/lib/parser.js:3888:29)
    at parseProgram (/usr/local/lib/node_modules/sweet.js/lib/parser.js:3924:16)
    at Object.parse (/usr/local/lib/node_modules/sweet.js/lib/parser.js:4882:23)
    at parse (/usr/local/lib/node_modules/sweet.js/lib/sweet.js:123:23)
Traceback (most recent call last):
  File "testmodder/generate.py", line 113, in <module>
    transform()
  File "/usr/lib/python2.7/dist-packages/click/core.py", line 722, in __call__
    return self.main(*args, **kwargs)
  File "/usr/lib/python2.7/dist-packages/click/core.py", line 697, in main
    rv = self.invoke(ctx)
  File "/usr/lib/python2.7/dist-packages/click/core.py", line 895, in invoke
    return ctx.invoke(self.callback, **ctx.params)
  File "/usr/lib/python2.7/dist-packages/click/core.py", line 535, in invoke
    return callback(*args, **kwargs)
  File "testmodder/generate.py", line 98, in transform
    lines = lines_to_save + file_to_lines(filename + '.compiled')
  File "testmodder/generate.py", line 16, in file_to_lines
    return open(filename).read().splitlines()
IOError: [Errno 2] No such file or directory: u'test/mjsunit/math-abs.js.compiled'
Running the test...
mjsunit/math-abs-typerhappy
Build found: /home/patil215/proj/v8/out/x64.debug
>>> Autodetected:
embedded_builtins
>>> Running tests for x64.debug
>>> Running with test processors
[00:01|%   0|+   0|-   0]: Done
>>> 0 tests ran



Running file test/mjsunit/compiler/abstract-equal-undetectable.js...
Generating compiled file with modified testcases...
/usr/local/lib/node_modules/sweet.js/lib/sweet.js:90
                    throw new SyntaxError(syn.printSyntaxError(source$2, err));
                    ^

SyntaxError: [enforest] Unexpected token
74: const undetectable = %GetUndetectable();
                         ^
    at expand$2 (/usr/local/lib/node_modules/sweet.js/lib/sweet.js:90:27)
    at parse (/usr/local/lib/node_modules/sweet.js/lib/sweet.js:123:29)
    at Object.compile (/usr/local/lib/node_modules/sweet.js/lib/sweet.js:129:19)
    at doCompile (/usr/local/lib/node_modules/sweet.js/lib/sjs.js:63:45)
    at Object.exports.run (/usr/local/lib/node_modules/sweet.js/lib/sjs.js:85:9)
    at Object.<anonymous> (/usr/local/lib/node_modules/sweet.js/bin/sjs:7:23)
    at Module._compile (module.js:652:30)
    at Object.Module._extensions..js (module.js:663:10)
    at Module.load (module.js:565:32)
    at tryModuleLoad (module.js:505:12)
Traceback (most recent call last):
  File "testmodder/generate.py", line 113, in <module>
    transform()
  File "/usr/lib/python2.7/dist-packages/click/core.py", line 722, in __call__
    return self.main(*args, **kwargs)
  File "/usr/lib/python2.7/dist-packages/click/core.py", line 697, in main
    rv = self.invoke(ctx)
  File "/usr/lib/python2.7/dist-packages/click/core.py", line 895, in invoke
    return ctx.invoke(self.callback, **ctx.params)
  File "/usr/lib/python2.7/dist-packages/click/core.py", line 535, in invoke
    return callback(*args, **kwargs)
  File "testmodder/generate.py", line 98, in transform
    lines = lines_to_save + file_to_lines(filename + '.compiled')
  File "testmodder/generate.py", line 16, in file_to_lines
    return open(filename).read().splitlines()
IOError: [Errno 2] No such file or directory: u'test/mjsunit/compiler/abstract-equal-undetectable.js.compiled'
Running the test...
mjsunit/compiler/abstract-equal-undetectable-typerhappy
Build found: /home/patil215/proj/v8/out/x64.debug
>>> Autodetected:
embedded_builtins
>>> Running tests for x64.debug
>>> Running with test processors
[00:01|%   0|+   0|-   0]: Done
>>> 0 tests ran



Running file test/mjsunit/compiler/number-abs.js...
Generating compiled file with modified testcases...
/usr/local/lib/node_modules/sweet.js/lib/parser.js:4894
            throw e;
            ^

Error: Line 129: Unexpected number
[... , 2 32 ) ) ; ...]
    at throwError (/usr/local/lib/node_modules/sweet.js/lib/parser.js:1937:21)
    at throwUnexpected (/usr/local/lib/node_modules/sweet.js/lib/parser.js:1966:13)
    at expect (/usr/local/lib/node_modules/sweet.js/lib/parser.js:1991:13)
    at parseArguments (/usr/local/lib/node_modules/sweet.js/lib/parser.js:2361:17)
    at parseLeftHandSideExpressionAllowCall (/usr/local/lib/node_modules/sweet.js/lib/parser.js:2405:24)
    at parsePostfixExpression (/usr/local/lib/node_modules/sweet.js/lib/parser.js:2432:45)
    at parseUnaryExpression (/usr/local/lib/node_modules/sweet.js/lib/parser.js:2452:20)
    at parseBinaryExpression (/usr/local/lib/node_modules/sweet.js/lib/parser.js:2546:16)
    at parseConditionalExpression (/usr/local/lib/node_modules/sweet.js/lib/parser.js:2600:16)
    at parseAssignmentExpression (/usr/local/lib/node_modules/sweet.js/lib/parser.js:2757:16)
Traceback (most recent call last):
  File "testmodder/generate.py", line 113, in <module>
    transform()
  File "/usr/lib/python2.7/dist-packages/click/core.py", line 722, in __call__
    return self.main(*args, **kwargs)
  File "/usr/lib/python2.7/dist-packages/click/core.py", line 697, in main
    rv = self.invoke(ctx)
  File "/usr/lib/python2.7/dist-packages/click/core.py", line 895, in invoke
    return ctx.invoke(self.callback, **ctx.params)
  File "/usr/lib/python2.7/dist-packages/click/core.py", line 535, in invoke
    return callback(*args, **kwargs)
  File "testmodder/generate.py", line 98, in transform
    lines = lines_to_save + file_to_lines(filename + '.compiled')
  File "testmodder/generate.py", line 16, in file_to_lines
    return open(filename).read().splitlines()
IOError: [Errno 2] No such file or directory: u'test/mjsunit/compiler/number-abs.js.compiled'
Running the test...
mjsunit/compiler/number-abs-typerhappy
Build found: /home/patil215/proj/v8/out/x64.debug
>>> Autodetected:
embedded_builtins
>>> Running tests for x64.debug
>>> Running with test processors
[00:01|%   0|+   0|-   0]: Done
>>> 0 tests ran



Running file test/mjsunit/math-exp-precision.js...
Generating compiled file with modified testcases...
/usr/local/lib/node_modules/sweet.js/lib/sweet.js:90
                    throw new SyntaxError(syn.printSyntaxError(source$2, err));
                    ^

SyntaxError: [macro] Macro `assertTrue` could not be matched with `() ;...`
88:   assertTrue(relative_diff < 1e-12, "relative difference of " + relative_diff +
      ^
    at expand$2 (/usr/local/lib/node_modules/sweet.js/lib/sweet.js:90:27)
    at parse (/usr/local/lib/node_modules/sweet.js/lib/sweet.js:123:29)
    at Object.compile (/usr/local/lib/node_modules/sweet.js/lib/sweet.js:129:19)
    at doCompile (/usr/local/lib/node_modules/sweet.js/lib/sjs.js:63:45)
    at Object.exports.run (/usr/local/lib/node_modules/sweet.js/lib/sjs.js:85:9)
    at Object.<anonymous> (/usr/local/lib/node_modules/sweet.js/bin/sjs:7:23)
    at Module._compile (module.js:652:30)
    at Object.Module._extensions..js (module.js:663:10)
    at Module.load (module.js:565:32)
    at tryModuleLoad (module.js:505:12)
Traceback (most recent call last):
  File "testmodder/generate.py", line 113, in <module>
    transform()
  File "/usr/lib/python2.7/dist-packages/click/core.py", line 722, in __call__
    return self.main(*args, **kwargs)
  File "/usr/lib/python2.7/dist-packages/click/core.py", line 697, in main
    rv = self.invoke(ctx)
  File "/usr/lib/python2.7/dist-packages/click/core.py", line 895, in invoke
    return ctx.invoke(self.callback, **ctx.params)
  File "/usr/lib/python2.7/dist-packages/click/core.py", line 535, in invoke
    return callback(*args, **kwargs)
  File "testmodder/generate.py", line 98, in transform
    lines = lines_to_save + file_to_lines(filename + '.compiled')
  File "testmodder/generate.py", line 16, in file_to_lines
    return open(filename).read().splitlines()
IOError: [Errno 2] No such file or directory: u'test/mjsunit/math-exp-precision.js.compiled'
Running the test...
mjsunit/math-exp-precision-typerhappy
Build found: /home/patil215/proj/v8/out/x64.debug
>>> Autodetected:
embedded_builtins
>>> Running tests for x64.debug
>>> Running with test processors
[00:01|%   0|+   0|-   0]: Done
>>> 0 tests ran



Running file test/mjsunit/es6/math-expm1.js...
Generating compiled file with modified testcases...
Running the test...
mjsunit/es6/math-expm1-typerhappy
Build found: /home/patil215/proj/v8/out/x64.debug
>>> Autodetected:
embedded_builtins
>>> Running tests for x64.debug
>>> Running with test processors
=== mjsunit/es6/math-expm1-typerhappy ===                    
#
# Fatal error in ../../src/typer-happy.h, line 147
# Check failed: isPlainNumberType(value) || std::isnan(value).
#
#
#
#FailureMessage Object: 0x7ffd19551940
==== C stack trace ===============================

    /home/patil215/proj/v8/out/x64.debug/./libv8_libbase.so(v8::base::debug::StackTrace::StackTrace()+0x1e) [0x7fa75d74f5ce]
    /home/patil215/proj/v8/out/x64.debug/./libv8_libplatform.so(+0x2d467) [0x7fa75d6f5467]
    /home/patil215/proj/v8/out/x64.debug/./libv8_libbase.so(V8_Fatal(char const*, int, char const*, ...)+0x218) [0x7fa75d73df18]
    /home/patil215/proj/v8/out/x64.debug/./libv8.so(v8::internal::TyperHappy::checkPlainNumberNaNUnionType(double)+0x68) [0x7fa75cb55138]
    /home/patil215/proj/v8/out/x64.debug/./libv8.so(v8::internal::TyperHappy::CheckType(double, double)+0x94) [0x7fa75cb54b04]
    [0x1fed53e839c1]
Received signal 6
Command: /home/patil215/proj/v8/out/x64.debug/d8 --test /home/patil215/proj/v8/test/mjsunit/mjsunit.js /home/patil215/proj/v8/test/mjsunit/es6/math-expm1-typerhappy.js --random-seed=668966869 --nohard-abort --enable-slow-asserts --verify-heap --no-fast-math --allow-natives-syntax
[00:01|%   0|+   0|-   1]: Done                             
>>> 1 tests ran

